TN:
SF:src\router.ts
FN:24,(anonymous_0)
FN:36,(anonymous_1)
FN:50,(anonymous_2)
FNF:3
FNH:2
FNDA:4,(anonymous_0)
FNDA:3,(anonymous_1)
FNDA:0,(anonymous_2)
DA:1,2
DA:2,2
DA:3,2
DA:4,2
DA:7,2
DA:10,2
DA:11,2
DA:17,2
DA:24,4
DA:29,2
DA:36,3
DA:43,2
DA:50,0
DA:57,2
DA:63,2
LF:15
LH:14
BRF:0
BRH:0
end_of_record
TN:
SF:src\server.ts
FN:7,connetDB
FN:28,(anonymous_2)
FNF:2
FNH:2
FNDA:2,connetDB
FNDA:1,(anonymous_2)
DA:1,2
DA:2,2
DA:3,2
DA:4,2
DA:8,2
DA:9,2
DA:10,1
DA:12,1
DA:14,0
DA:15,0
DA:18,2
DA:21,2
DA:24,2
DA:26,2
DA:28,2
DA:29,1
DA:32,2
LF:17
LH:15
BRF:0
BRH:0
end_of_record
TN:
SF:src\config\db.ts
FNF:0
FNH:0
DA:1,2
DA:2,2
DA:3,2
DA:5,2
DA:7,2
DA:12,2
LF:6
LH:6
BRF:0
BRH:0
end_of_record
TN:
SF:src\handlers\product.ts
FN:4,(anonymous_1)
FN:15,(anonymous_2)
FN:32,(anonymous_3)
FN:42,(anonymous_4)
FN:59,(anonymous_5)
FN:76,(anonymous_6)
FNF:6
FNH:4
FNDA:2,(anonymous_1)
FNDA:2,(anonymous_2)
FNDA:1,(anonymous_3)
FNDA:0,(anonymous_4)
FNDA:0,(anonymous_5)
FNDA:2,(anonymous_6)
DA:2,2
DA:4,2
DA:5,2
DA:6,2
DA:9,2
DA:11,0
DA:15,2
DA:16,2
DA:17,2
DA:18,2
DA:20,2
DA:21,1
DA:26,1
DA:28,0
DA:32,2
DA:34,1
DA:35,1
DA:36,1
DA:38,0
DA:42,2
DA:43,0
DA:44,0
DA:46,0
DA:47,0
DA:53,0
DA:54,0
DA:56,0
DA:59,2
DA:60,0
DA:61,0
DA:63,0
DA:64,0
DA:70,0
DA:71,0
DA:73,0
DA:76,2
DA:77,2
DA:78,2
DA:80,2
DA:81,1
DA:86,1
DA:87,1
LF:42
LH:25
BRDA:20,0,0,1
BRDA:20,0,1,1
BRDA:46,1,0,0
BRDA:46,1,1,0
BRDA:63,2,0,0
BRDA:63,2,1,0
BRDA:80,3,0,1
BRDA:80,3,1,1
BRF:8
BRH:4
end_of_record
TN:
SF:src\middleware\index.ts
FN:4,(anonymous_0)
FNF:1
FNH:1
FNDA:13,(anonymous_0)
DA:2,2
DA:4,2
DA:5,13
DA:6,13
DA:7,8
DA:10,5
LF:6
LH:6
BRDA:6,0,0,8
BRDA:6,0,1,5
BRF:2
BRH:2
end_of_record
TN:
SF:src\models\Product.model.ts
FNF:0
FNH:0
DA:1,2
DA:7,2
DA:11,2
DA:16,2
DA:22,2
DA:24,2
LF:6
LH:6
BRF:0
BRH:0
end_of_record
